2014/10/24 15:50:18 creating C:\Users\Andrea\Documents\projects\editor\test\php\dirToMakeTests544a591a5969f\dirXYZ
2014/10/24 15:50:18 mkdir(): No such file or directory
2014/10/24 15:50:18 creating C:\Users\Andrea\Documents\projects\editor\test\php\dirToMakeTests544a591a65e16\dirXYZ
2014/10/24 15:50:18 mkdir(): No such file or directory
2014/10/24 15:51:09 creating dirToMakeTests544a594d55abb\dirXYZ
2014/10/24 15:51:09 mkdir(): No such file or directory
2014/10/24 15:51:09 creating dirToMakeTests544a594d60217\dirXYZ
2014/10/24 15:51:09 mkdir(): No such file or directory
2014/10/24 15:52:33 creating dirToMakeTests544a59a197f11\
2014/10/24 15:52:33 creating dirToMakeTests544a59a197f11\dirXYZ
2014/10/24 15:52:33 creating dirToMakeTests544a59a1a1f0d\
2014/10/24 15:52:33 creating dirToMakeTests544a59a1a1f0d\dirXYZ
2014/10/24 15:58:22 creating C:\Users\Andrea\Documents\projects\editor\test\php\dirToMakeTests544a5afe87e40\
2014/10/24 15:58:22 creating C:\Users\Andrea\Documents\projects\editor\test\php\dirToMakeTests544a5afe87e40\dirXYZ
2014/10/24 15:58:22 creating C:\Users\Andrea\Documents\projects\editor\test\php\dirToMakeTests544a5afe920cd\dirXYZ
2014/10/24 16:12:34 creating C:\Users\Andrea\Documents\projects\editor\test\php\dirToMakeTests544a5e5287236\
2014/10/24 16:12:34 creating C:\Users\Andrea\Documents\projects\editor\test\php\dirToMakeTests544a5e5287236\dirXYZ
2014/10/24 16:12:34 creating C:\Users\Andrea\Documents\projects\editor\test\php\dirToMakeTests544a5e5292b0a\dirXYZ
2014/10/24 16:13:12 creating C:\Users\Andrea\Documents\projects\editor\test\php\dirToMakeTests544a5e783bfd2\
2014/10/24 16:13:12 creating C:\Users\Andrea\Documents\projects\editor\test\php\dirToMakeTests544a5e783bfd2\dirXYZ
2014/10/24 16:13:12 creating C:\Users\Andrea\Documents\projects\editor\test\php\dirToMakeTests544a5e785037a\dirXYZ
2014/10/24 16:13:13 creating C:\Users\Andrea\Documents\projects\editor\test\php\dirToMakeTests544a5e79e9aa9\
2014/10/24 16:13:13 creating C:\Users\Andrea\Documents\projects\editor\test\php\dirToMakeTests544a5e79e9aa9\dirXYZ
2014/10/24 16:13:14 creating C:\Users\Andrea\Documents\projects\editor\test\php\dirToMakeTests544a5e7a005aa\dirXYZ
2014/10/24 16:20:52 creating C:\Users\Andrea\Documents\projects\editor\test\php\dirToMakeTests544a60440461c\
2014/10/24 16:20:52 creating C:\Users\Andrea\Documents\projects\editor\test\php\dirToMakeTests544a60440461c\dirXYZ
2014/10/24 16:20:52 creating C:\Users\Andrea\Documents\projects\editor\test\php\dirToMakeTests544a604419a4c\dirXYZ
2014/10/24 16:20:52 Use of undefined constant DIRECTRORY_SEPARATOR - assumed 'DIRECTRORY_SEPARATOR'
2014/10/24 16:20:53 creating C:\Users\Andrea\Documents\projects\editor\test\php\dirToMakeTests544a6045b9a6d\
2014/10/24 16:20:53 creating C:\Users\Andrea\Documents\projects\editor\test\php\dirToMakeTests544a6045b9a6d\dirXYZ
2014/10/24 16:20:53 creating C:\Users\Andrea\Documents\projects\editor\test\php\dirToMakeTests544a6045c42d3\dirXYZ
2014/10/24 16:20:53 Use of undefined constant DIRECTRORY_SEPARATOR - assumed 'DIRECTRORY_SEPARATOR'
2014/10/24 16:21:33 creating C:\Users\Andrea\Documents\projects\editor\test\php\dirToMakeTests544a606d80a7b\
2014/10/24 16:21:33 creating C:\Users\Andrea\Documents\projects\editor\test\php\dirToMakeTests544a606d80a7b\dirXYZ
2014/10/24 16:21:33 creating C:\Users\Andrea\Documents\projects\editor\test\php\dirToMakeTests544a606d95d8a\dirXYZ
2014/10/24 16:21:33 creating C:\Users\Andrea\Documents\projects\editor\test\php\dirToMakeTests544a606db703e\
2014/10/24 16:21:33 creating C:\Users\Andrea\Documents\projects\editor\test\php\dirToMakeTests544a606db703e\544a606db878
2014/10/24 16:21:35 creating C:\Users\Andrea\Documents\projects\editor\test\php\dirToMakeTests544a606f34cad\
2014/10/24 16:21:35 creating C:\Users\Andrea\Documents\projects\editor\test\php\dirToMakeTests544a606f34cad\dirXYZ
2014/10/24 16:21:35 creating C:\Users\Andrea\Documents\projects\editor\test\php\dirToMakeTests544a606f3eef5\dirXYZ
2014/10/24 16:21:35 creating C:\Users\Andrea\Documents\projects\editor\test\php\dirToMakeTests544a606f4e185\
2014/10/24 16:21:35 creating C:\Users\Andrea\Documents\projects\editor\test\php\dirToMakeTests544a606f4e185\544a606f4f53
2014/10/24 16:23:47 creating C:\Users\Andrea\Documents\projects\editor\test\php\dirToMakeTests544a60f30eb39\
2014/10/24 16:23:47 creating C:\Users\Andrea\Documents\projects\editor\test\php\dirToMakeTests544a60f30eb39\dirXYZ
2014/10/24 16:23:47 creating C:\Users\Andrea\Documents\projects\editor\test\php\dirToMakeTests544a60f318701\dirXYZ
2014/10/24 16:23:47 creating C:\Users\Andrea\Documents\projects\editor\test\php\dirToMakeTests2544a60f329a35\
2014/10/24 16:23:47 creating C:\Users\Andrea\Documents\projects\editor\test\php\dirToMakeTests2544a60f329a35\544a60f32b0
2014/10/24 16:24:36 creating C:\Users\Andrea\Documents\projects\editor\test\php\dirToMakeTests544a612473918\
2014/10/24 16:24:36 creating C:\Users\Andrea\Documents\projects\editor\test\php\dirToMakeTests544a612473918\dirXYZ
2014/10/24 16:24:36 creating C:\Users\Andrea\Documents\projects\editor\test\php\dirToMakeTests544a61247f0a5\dirXYZ
2014/10/24 16:24:36 creating C:\Users\Andrea\Documents\projects\editor\test\php\dirToMakeTests2544a61248fce6\
2014/10/24 16:24:36 creating C:\Users\Andrea\Documents\projects\editor\test\php\dirToMakeTests2544a61248fce6\dirXYZ
2014/10/24 16:26:28 creating C:\Users\Andrea\Documents\projects\editor\test\php\dirToMakeTests544a61945eecb\
2014/10/24 16:26:28 creating C:\Users\Andrea\Documents\projects\editor\test\php\dirToMakeTests544a61945eecb\dirXYZ
2014/10/24 16:26:28 creating C:\Users\Andrea\Documents\projects\editor\test\php\dirToMakeTests544a61946c7f0\dirXYZ
2014/10/24 16:26:28 creating C:\Users\Andrea\Documents\projects\editor\test\php\dirToMakeTests2544a61947f8e7\
2014/10/24 16:26:28 creating C:\Users\Andrea\Documents\projects\editor\test\php\dirToMakeTests2544a61947f8e7\dirXYZ
2014/10/24 16:35:02 creating C:\Users\Andrea\Documents\projects\editor\test\php\dirToMakeTests544a63965e169\
2014/10/24 16:35:02 creating C:\Users\Andrea\Documents\projects\editor\test\php\dirToMakeTests544a63965e169\dirXYZ
2014/10/24 16:35:02 creating C:\Users\Andrea\Documents\projects\editor\test\php\dirToMakeTests544a639669cbf\dirXYZ
2014/10/24 16:35:38 creating C:\Users\Andrea\Documents\projects\editor\test\php\dirToMakeTests544a63ba7a0c4\
2014/10/24 16:35:38 creating C:\Users\Andrea\Documents\projects\editor\test\php\dirToMakeTests544a63ba7a0c4\dirXYZ
2014/10/24 16:35:38 creating C:\Users\Andrea\Documents\projects\editor\test\php\dirToMakeTests544a63ba869ab\dirXYZ
2014/10/24 16:35:38 creating C:\Users\Andrea\Documents\projects\editor\test\php\dirToMakeTests2544a63ba973bb\
2014/10/24 16:35:38 creating C:\Users\Andrea\Documents\projects\editor\test\php\dirToMakeTests2544a63ba973bb\dirXYZ
2014/10/24 16:36:08 creating C:\Users\Andrea\Documents\projects\editor\test\php\dirToMakeTests544a63d84b9c1\
2014/10/24 16:36:08 creating C:\Users\Andrea\Documents\projects\editor\test\php\dirToMakeTests544a63d84b9c1\dirXYZ
2014/10/24 16:36:08 creating C:\Users\Andrea\Documents\projects\editor\test\php\dirToMakeTests544a63d85566e\dirXYZ
2014/10/24 16:36:08 creating C:\Users\Andrea\Documents\projects\editor\test\php\dirToMakeTests2544a63d864963\
2014/10/24 16:36:08 creating C:\Users\Andrea\Documents\projects\editor\test\php\dirToMakeTests2544a63d864963\dirXYZ
2014/10/24 17:07:21 creating C:\Users\Andrea\Documents\projects\editor\test\php\dirToMakeTests544a6b298bfab\
2014/10/24 17:07:21 creating C:\Users\Andrea\Documents\projects\editor\test\php\dirToMakeTests544a6b298bfab\dirXYZ
2014/10/24 17:07:21 creating C:\Users\Andrea\Documents\projects\editor\test\php\dirToMakeTests544a6b2996bc5\dirXYZ
2014/10/24 17:07:21 creating C:\Users\Andrea\Documents\projects\editor\test\php\dirToMakeTests2544a6b29b511f\
2014/10/24 17:07:21 creating C:\Users\Andrea\Documents\projects\editor\test\php\dirToMakeTests2544a6b29b511f\dirXYZ
2014/10/24 17:07:21 Missing argument 1 for FileManagement::getContent(), called in C:\Users\Andrea\Documents\projects\ed
2014/10/24 17:08:15 creating C:\Users\Andrea\Documents\projects\editor\test\php\dirToMakeTests544a6b5fc832c\
2014/10/24 17:08:15 creating C:\Users\Andrea\Documents\projects\editor\test\php\dirToMakeTests544a6b5fc832c\dirXYZ
2014/10/24 17:08:15 creating C:\Users\Andrea\Documents\projects\editor\test\php\dirToMakeTests544a6b5fd211d\dirXYZ
2014/10/24 17:08:15 creating C:\Users\Andrea\Documents\projects\editor\test\php\dirToMakeTests2544a6b5fe26c3\
2014/10/24 17:08:15 creating C:\Users\Andrea\Documents\projects\editor\test\php\dirToMakeTests2544a6b5fe26c3\dirXYZ
2014/10/24 17:10:19 creating C:\Users\Andrea\Documents\projects\editor\test\php\dirToMakeTests544a6bdb01c59\
2014/10/24 17:10:19 creating C:\Users\Andrea\Documents\projects\editor\test\php\dirToMakeTests544a6bdb01c59\dirXYZ
2014/10/24 17:10:19 creating C:\Users\Andrea\Documents\projects\editor\test\php\dirToMakeTests544a6bdb0b8fd\dirXYZ
2014/10/24 17:10:30 creating C:\Users\Andrea\Documents\projects\editor\test\php\dirToMakeTests544a6be656957\
2014/10/24 17:10:30 creating C:\Users\Andrea\Documents\projects\editor\test\php\dirToMakeTests544a6be656957\dirXYZ
2014/10/24 17:10:30 creating C:\Users\Andrea\Documents\projects\editor\test\php\dirToMakeTests544a6be66126e\dirXYZ
2014/10/24 17:10:30 creating C:\Users\Andrea\Documents\projects\editor\test\php\dirToMakeTests2544a6be6716cc\
2014/10/24 17:10:30 creating C:\Users\Andrea\Documents\projects\editor\test\php\dirToMakeTests2544a6be6716cc\dirXYZ
2014/10/24 17:11:39 creating C:\Users\Andrea\Documents\projects\editor\test\php\dirToMakeTests544a6c2bcdc2b\
2014/10/24 17:11:39 creating C:\Users\Andrea\Documents\projects\editor\test\php\dirToMakeTests544a6c2bcdc2b\dirXYZ
2014/10/24 17:11:39 creating C:\Users\Andrea\Documents\projects\editor\test\php\dirToMakeTests544a6c2bd8b23\dirXYZ
2014/10/24 17:11:39 creating C:\Users\Andrea\Documents\projects\editor\test\php\dirToMakeTests2544a6c2be7d07\
2014/10/24 17:11:40 creating C:\Users\Andrea\Documents\projects\editor\test\php\dirToMakeTests2544a6c2be7d07\dirXYZ
2014/10/27 08:11:10 creating C:\Users\Andrea\Documents\projects\editor\test\php\dirToMakeTests544df00e5391b\
2014/10/27 08:11:10 creating C:\Users\Andrea\Documents\projects\editor\test\php\dirToMakeTests544df00e5391b\dirXYZ
2014/10/27 08:11:10 creating C:\Users\Andrea\Documents\projects\editor\test\php\dirToMakeTests544df00e6a5ac\dirXYZ
2014/10/27 08:11:10 creating C:\Users\Andrea\Documents\projects\editor\test\php\dirToMakeTests2544df00e777da\
2014/10/27 08:11:10 creating C:\Users\Andrea\Documents\projects\editor\test\php\dirToMakeTests2544df00e777da\dirXYZ
2014/10/27 08:15:24 creating C:\Users\Andrea\Documents\projects\editor\test\php\dirToMakeTests544df10c50cce\
2014/10/27 08:15:24 creating C:\Users\Andrea\Documents\projects\editor\test\php\dirToMakeTests544df10c50cce\dirXYZ
2014/10/27 08:15:24 creating C:\Users\Andrea\Documents\projects\editor\test\php\dirToMakeTests544df10c5a3de\dirXYZ
2014/10/27 08:15:24 creating C:\Users\Andrea\Documents\projects\editor\test\php\dirToMakeTests2544df10c67d3b\
2014/10/27 08:15:24 creating C:\Users\Andrea\Documents\projects\editor\test\php\dirToMakeTests2544df10c67d3b\dirXYZ
2014/10/27 08:16:22 creating C:\Users\Andrea\Documents\projects\editor\test\php\dirToMakeTests544df146b9efa\
2014/10/27 08:16:22 creating C:\Users\Andrea\Documents\projects\editor\test\php\dirToMakeTests544df146b9efa\dirXYZ
2014/10/27 08:16:22 creating C:\Users\Andrea\Documents\projects\editor\test\php\dirToMakeTests544df146c3c34\dirXYZ
2014/10/27 08:16:22 creating C:\Users\Andrea\Documents\projects\editor\test\php\dirToMakeTests2544df146d1844\
2014/10/27 08:16:22 creating C:\Users\Andrea\Documents\projects\editor\test\php\dirToMakeTests2544df146d1844\dirXYZ
2014/10/27 08:21:38 creating C:\Users\Andrea\Documents\projects\editor\test\php\dirToMakeTests544df282db7f8\
2014/10/27 08:21:38 creating C:\Users\Andrea\Documents\projects\editor\test\php\dirToMakeTests544df282db7f8\dirXYZ
2014/10/27 08:21:38 creating C:\Users\Andrea\Documents\projects\editor\test\php\dirToMakeTests544df282e4542\dirXYZ
2014/10/27 08:21:39 creating C:\Users\Andrea\Documents\projects\editor\test\php\dirToMakeTests2544df282f1d7b\
2014/10/27 08:21:39 creating C:\Users\Andrea\Documents\projects\editor\test\php\dirToMakeTests2544df282f1d7b\dirXYZ
2014/10/27 08:22:11 creating C:\Users\Andrea\Documents\projects\editor\test\php\dirToMakeTests544df2a3bb1f8\
2014/10/27 08:22:11 creating C:\Users\Andrea\Documents\projects\editor\test\php\dirToMakeTests544df2a3bb1f8\dirXYZ
2014/10/27 08:22:11 creating C:\Users\Andrea\Documents\projects\editor\test\php\dirToMakeTests544df2a3c4221\dirXYZ
2014/10/27 08:22:11 creating C:\Users\Andrea\Documents\projects\editor\test\php\dirToMakeTests2544df2a3d17a6\
2014/10/27 08:22:11 creating C:\Users\Andrea\Documents\projects\editor\test\php\dirToMakeTests2544df2a3d17a6\dirXYZ
2014/10/27 08:22:51 creating C:\Users\Andrea\Documents\projects\editor\test\php\dirToMakeTests544df2cb1508e\
2014/10/27 08:22:51 creating C:\Users\Andrea\Documents\projects\editor\test\php\dirToMakeTests544df2cb1508e\dirXYZ
2014/10/27 08:22:51 creating C:\Users\Andrea\Documents\projects\editor\test\php\dirToMakeTests544df2cb1e55a\dirXYZ
2014/10/27 08:22:51 creating C:\Users\Andrea\Documents\projects\editor\test\php\dirToMakeTests2544df2cb2b6bf\
2014/10/27 08:22:51 creating C:\Users\Andrea\Documents\projects\editor\test\php\dirToMakeTests2544df2cb2b6bf\dirXYZ
2014/10/27 08:23:52 creating C:\Users\Andrea\Documents\projects\editor\test\php\dirToMakeTests544df308ce86b\
2014/10/27 08:23:52 creating C:\Users\Andrea\Documents\projects\editor\test\php\dirToMakeTests544df308ce86b\dirXYZ
2014/10/27 08:23:52 creating C:\Users\Andrea\Documents\projects\editor\test\php\dirToMakeTests544df308d8e9c\dirXYZ
2014/10/27 08:23:52 creating C:\Users\Andrea\Documents\projects\editor\test\php\dirToMakeTests2544df308e6587\
2014/10/27 08:23:53 creating C:\Users\Andrea\Documents\projects\editor\test\php\dirToMakeTests2544df308e6587\dirXYZ
2014/10/27 08:26:09 creating C:\Users\Andrea\Documents\projects\editor\test\php\dirToMakeTests544df3912f5e9\
2014/10/27 08:26:09 creating C:\Users\Andrea\Documents\projects\editor\test\php\dirToMakeTests544df3912f5e9\dirXYZ
2014/10/27 08:26:09 creating C:\Users\Andrea\Documents\projects\editor\test\php\dirToMakeTests544df391386c8\dirXYZ
2014/10/27 08:26:09 creating C:\Users\Andrea\Documents\projects\editor\test\php\dirToMakeTests2544df3914b623\
2014/10/27 08:26:09 creating C:\Users\Andrea\Documents\projects\editor\test\php\dirToMakeTests2544df3914b623\dirXYZ
2014/10/27 08:28:51 creating C:\Users\Andrea\Documents\projects\editor\test\php\dirToMakeTests544df4334d3c9\
2014/10/27 08:28:51 creating C:\Users\Andrea\Documents\projects\editor\test\php\dirToMakeTests544df4334d3c9\dirXYZ
2014/10/27 08:28:51 creating C:\Users\Andrea\Documents\projects\editor\test\php\dirToMakeTests544df43358c66\dirXYZ
2014/10/27 08:28:51 creating C:\Users\Andrea\Documents\projects\editor\test\php\dirToMakeTests2544df43365b90\
2014/10/27 08:28:51 creating C:\Users\Andrea\Documents\projects\editor\test\php\dirToMakeTests2544df43365b90\dirXYZ
2014/10/27 08:29:02 creating C:\Users\Andrea\Documents\projects\editor\test\php\dirToMakeTests544df43e85e89\
2014/10/27 08:29:02 creating C:\Users\Andrea\Documents\projects\editor\test\php\dirToMakeTests544df43e85e89\dirXYZ
2014/10/27 08:29:02 creating C:\Users\Andrea\Documents\projects\editor\test\php\dirToMakeTests544df43e8f16c\dirXYZ
2014/10/27 08:29:02 creating C:\Users\Andrea\Documents\projects\editor\test\php\dirToMakeTests2544df43e9c431\
2014/10/27 08:29:02 creating C:\Users\Andrea\Documents\projects\editor\test\php\dirToMakeTests2544df43e9c431\dirXYZ
2014/10/27 08:32:56 creating C:\Users\Andrea\Documents\projects\editor\test\php\dirToMakeTests544df52858120\
2014/10/27 08:32:56 creating C:\Users\Andrea\Documents\projects\editor\test\php\dirToMakeTests544df52858120\dirXYZ
2014/10/27 08:32:56 creating C:\Users\Andrea\Documents\projects\editor\test\php\dirToMakeTests544df528619ef\dirXYZ
2014/10/27 08:32:56 creating C:\Users\Andrea\Documents\projects\editor\test\php\dirToMakeTests2544df5286e8f6\
2014/10/27 08:32:56 creating C:\Users\Andrea\Documents\projects\editor\test\php\dirToMakeTests2544df5286e8f6\dirXYZ
2014/10/27 08:33:13 creating C:\Users\Andrea\Documents\projects\editor\test\php\dirToMakeTests544df539ceb4b\
2014/10/27 08:33:13 creating C:\Users\Andrea\Documents\projects\editor\test\php\dirToMakeTests544df539ceb4b\dirXYZ
2014/10/27 08:33:13 creating C:\Users\Andrea\Documents\projects\editor\test\php\dirToMakeTests544df539db005\dirXYZ
2014/10/27 08:33:14 creating C:\Users\Andrea\Documents\projects\editor\test\php\dirToMakeTests2544df539e93cc\
2014/10/27 08:33:14 creating C:\Users\Andrea\Documents\projects\editor\test\php\dirToMakeTests2544df539e93cc\dirXYZ
2014/10/27 08:33:50 creating C:\Users\Andrea\Documents\projects\editor\test\php\dirToMakeTests544df55e836bd\
2014/10/27 08:33:50 creating C:\Users\Andrea\Documents\projects\editor\test\php\dirToMakeTests544df55e836bd\dirXYZ
2014/10/27 08:33:50 creating C:\Users\Andrea\Documents\projects\editor\test\php\dirToMakeTests544df55e8c687\dirXYZ
2014/10/27 08:33:50 creating C:\Users\Andrea\Documents\projects\editor\test\php\dirToMakeTests2544df55e9c683\
2014/10/27 08:33:50 creating C:\Users\Andrea\Documents\projects\editor\test\php\dirToMakeTests2544df55e9c683\dirXYZ
2014/10/27 08:35:35 creating C:\Users\Andrea\Documents\projects\editor\test\php\dirToMakeTests544df5c7172eb\
2014/10/27 08:35:35 creating C:\Users\Andrea\Documents\projects\editor\test\php\dirToMakeTests544df5c7172eb\dirXYZ
2014/10/27 08:35:35 creating C:\Users\Andrea\Documents\projects\editor\test\php\dirToMakeTests544df5c722918\dirXYZ
2014/10/27 08:35:35 creating C:\Users\Andrea\Documents\projects\editor\test\php\dirToMakeTests2544df5c72f9a2\
2014/10/27 08:35:35 creating C:\Users\Andrea\Documents\projects\editor\test\php\dirToMakeTests2544df5c72f9a2\dirXYZ
2014/10/27 08:38:13 creating C:\Users\Andrea\Documents\projects\editor\test\php\dirToMakeTests544df665b4e4c\
2014/10/27 08:38:13 creating C:\Users\Andrea\Documents\projects\editor\test\php\dirToMakeTests544df665b4e4c\dirXYZ
2014/10/27 08:38:13 creating C:\Users\Andrea\Documents\projects\editor\test\php\dirToMakeTests544df665be688\dirXYZ
2014/10/27 08:38:13 creating C:\Users\Andrea\Documents\projects\editor\test\php\dirToMakeTests2544df665cb9cf\
2014/10/27 08:38:13 creating C:\Users\Andrea\Documents\projects\editor\test\php\dirToMakeTests2544df665cb9cf\dirXYZ
2014/10/27 08:40:18 creating C:\Users\Andrea\Documents\projects\editor\test\php\dirToMakeTests544df6e2b2453\
2014/10/27 08:40:18 creating C:\Users\Andrea\Documents\projects\editor\test\php\dirToMakeTests544df6e2b2453\dirXYZ
2014/10/27 08:40:18 creating C:\Users\Andrea\Documents\projects\editor\test\php\dirToMakeTests544df6e2bcb0b\dirXYZ
2014/10/27 08:40:18 creating C:\Users\Andrea\Documents\projects\editor\test\php\dirToMakeTests2544df6e2cb674\
2014/10/27 08:40:18 creating C:\Users\Andrea\Documents\projects\editor\test\php\dirToMakeTests2544df6e2cb674\dirXYZ
2014/10/27 08:47:56 creating C:\Users\Andrea\Documents\projects\editor\test\php\dirToMakeTests544df8acd310c\
2014/10/27 08:47:56 creating C:\Users\Andrea\Documents\projects\editor\test\php\dirToMakeTests544df8acd310c\dirXYZ
2014/10/27 08:47:56 creating C:\Users\Andrea\Documents\projects\editor\test\php\dirToMakeTests544df8acdc61c\dirXYZ
2014/10/27 08:47:57 creating C:\Users\Andrea\Documents\projects\editor\test\php\dirToMakeTests2544df8ace9ac7\
2014/10/27 08:47:57 creating C:\Users\Andrea\Documents\projects\editor\test\php\dirToMakeTests2544df8ace9ac7\dirXYZ
2014/10/27 08:48:31 creating C:\Users\Andrea\Documents\projects\editor\test\php\dirToMakeTests544df8cf90bde\
2014/10/27 08:48:31 creating C:\Users\Andrea\Documents\projects\editor\test\php\dirToMakeTests544df8cf90bde\dirXYZ
2014/10/27 08:48:31 creating C:\Users\Andrea\Documents\projects\editor\test\php\dirToMakeTests544df8cf9bf2c\dirXYZ
2014/10/27 08:48:31 creating C:\Users\Andrea\Documents\projects\editor\test\php\dirToMakeTests2544df8cfa8e39\
2014/10/27 08:48:31 creating C:\Users\Andrea\Documents\projects\editor\test\php\dirToMakeTests2544df8cfa8e39\dirXYZ
2014/10/27 08:49:17 creating C:\Users\Andrea\Documents\projects\editor\test\php\dirToMakeTests544df8fdbdb55\
2014/10/27 08:49:17 creating C:\Users\Andrea\Documents\projects\editor\test\php\dirToMakeTests544df8fdbdb55\dirXYZ
2014/10/27 08:49:17 creating C:\Users\Andrea\Documents\projects\editor\test\php\dirToMakeTests544df8fdc6e38\dirXYZ
2014/10/27 08:49:17 creating C:\Users\Andrea\Documents\projects\editor\test\php\dirToMakeTests2544df8fdd3d70\
2014/10/27 08:49:17 creating C:\Users\Andrea\Documents\projects\editor\test\php\dirToMakeTests2544df8fdd3d70\dirXYZ
2014/10/27 08:49:27 creating C:\Users\Andrea\Documents\projects\editor\test\php\dirToMakeTests544df90740cf4\
2014/10/27 08:49:27 creating C:\Users\Andrea\Documents\projects\editor\test\php\dirToMakeTests544df90740cf4\dirXYZ
2014/10/27 08:49:27 creating C:\Users\Andrea\Documents\projects\editor\test\php\dirToMakeTests544df9074badd\dirXYZ
2014/10/27 08:49:27 creating C:\Users\Andrea\Documents\projects\editor\test\php\dirToMakeTests2544df90758c46\
2014/10/27 08:49:27 creating C:\Users\Andrea\Documents\projects\editor\test\php\dirToMakeTests2544df90758c46\dirXYZ
2014/10/27 08:50:07 creating C:\Users\Andrea\Documents\projects\editor\test\php\dirToMakeTests544df92f87b01\
2014/10/27 08:50:07 creating C:\Users\Andrea\Documents\projects\editor\test\php\dirToMakeTests544df92f87b01\dirXYZ
2014/10/27 08:50:07 creating C:\Users\Andrea\Documents\projects\editor\test\php\dirToMakeTests544df92f919ee\dirXYZ
2014/10/27 08:50:07 creating C:\Users\Andrea\Documents\projects\editor\test\php\dirToMakeTests2544df92f9f25e\
2014/10/27 08:50:07 creating C:\Users\Andrea\Documents\projects\editor\test\php\dirToMakeTests2544df92f9f25e\dirXYZ
2014/10/27 08:53:21 creating C:\Users\Andrea\Documents\projects\editor\test\php\dirToMakeTests544df9f1649ef\
2014/10/27 08:53:21 creating C:\Users\Andrea\Documents\projects\editor\test\php\dirToMakeTests544df9f1649ef\dirXYZ
2014/10/27 08:53:21 creating C:\Users\Andrea\Documents\projects\editor\test\php\dirToMakeTests544df9f16e5f0\dirXYZ
2014/10/27 08:53:21 creating C:\Users\Andrea\Documents\projects\editor\test\php\dirToMakeTests2544df9f17c646\
2014/10/27 08:53:21 creating C:\Users\Andrea\Documents\projects\editor\test\php\dirToMakeTests2544df9f17c646\dirXYZ
2014/10/27 08:53:21 creating C:\Users\Andrea\Documents\projects\editor\test\php\dirToMakeTests2544df9f18e1c6\
2014/10/27 08:53:21 creating C:\Users\Andrea\Documents\projects\editor\test\php\dirToMakeTests2544df9f18e1c6\dirXYZ
2014/10/27 08:53:31 creating C:\Users\Andrea\Documents\projects\editor\test\php\dirToMakeTests544df9fb97cac\
2014/10/27 08:53:31 creating C:\Users\Andrea\Documents\projects\editor\test\php\dirToMakeTests544df9fb97cac\dirXYZ
2014/10/27 08:53:31 creating C:\Users\Andrea\Documents\projects\editor\test\php\dirToMakeTests544df9fba0f82\dirXYZ
2014/10/27 08:53:31 creating C:\Users\Andrea\Documents\projects\editor\test\php\dirToMakeTests2544df9fbae347\
2014/10/27 08:53:31 creating C:\Users\Andrea\Documents\projects\editor\test\php\dirToMakeTests2544df9fbae347\dirXYZ
2014/10/27 08:53:31 creating C:\Users\Andrea\Documents\projects\editor\test\php\dirToMakeTests2544df9fbc0307\
2014/10/27 08:53:31 creating C:\Users\Andrea\Documents\projects\editor\test\php\dirToMakeTests2544df9fbc0307\dirXYZ
2014/10/27 08:54:03 creating C:\Users\Andrea\Documents\projects\editor\test\php\dirToMakeTests544dfa1b8ef40\
2014/10/27 08:54:03 creating C:\Users\Andrea\Documents\projects\editor\test\php\dirToMakeTests544dfa1b8ef40\dirXYZ
2014/10/27 08:54:03 creating C:\Users\Andrea\Documents\projects\editor\test\php\dirToMakeTests544dfa1b98897\dirXYZ
2014/10/27 08:54:03 creating C:\Users\Andrea\Documents\projects\editor\test\php\dirToMakeTests2544dfa1bd160f\
2014/10/27 08:54:03 creating C:\Users\Andrea\Documents\projects\editor\test\php\dirToMakeTests2544dfa1bd160f\dirXYZ
2014/10/27 08:54:04 creating C:\Users\Andrea\Documents\projects\editor\test\php\dirToMakeTests2544dfa1c10b6e\
2014/10/27 08:54:04 creating C:\Users\Andrea\Documents\projects\editor\test\php\dirToMakeTests2544dfa1c10b6e\dirXYZ
2014/10/27 09:07:17 creating C:\Users\Andrea\Documents\projects\editor\test\php\dirToMakeTests544dfd3515d0a\
2014/10/27 09:07:17 creating C:\Users\Andrea\Documents\projects\editor\test\php\dirToMakeTests544dfd3515d0a\dirXYZ
2014/10/27 09:07:17 creating C:\Users\Andrea\Documents\projects\editor\test\php\dirToMakeTests544dfd351f271\dirXYZ
2014/10/27 09:07:17 creating C:\Users\Andrea\Documents\projects\editor\test\php\dirToMakeTests2544dfd352c82e\
2014/10/27 09:07:17 creating C:\Users\Andrea\Documents\projects\editor\test\php\dirToMakeTests2544dfd352c82e\dirXYZ
2014/10/27 09:07:17 creating C:\Users\Andrea\Documents\projects\editor\test\php\dirToMakeTests2544dfd353ed95\
2014/10/27 09:07:17 creating C:\Users\Andrea\Documents\projects\editor\test\php\dirToMakeTests2544dfd353ed95\dirXYZ
2014/10/27 09:08:40 creating C:\Users\Andrea\Documents\projects\editor\test\php\dirToMakeTests544dfd88a08e6\
2014/10/27 09:08:40 creating C:\Users\Andrea\Documents\projects\editor\test\php\dirToMakeTests544dfd88a08e6\dirXYZ
2014/10/27 09:08:40 creating C:\Users\Andrea\Documents\projects\editor\test\php\dirToMakeTests544dfd88aa5ad\dirXYZ
2014/10/27 09:08:40 creating C:\Users\Andrea\Documents\projects\editor\test\php\dirToMakeTests2544dfd88b7706\
2014/10/27 09:08:40 creating C:\Users\Andrea\Documents\projects\editor\test\php\dirToMakeTests2544dfd88b7706\dirXYZ
2014/10/27 09:08:40 creating C:\Users\Andrea\Documents\projects\editor\test\php\dirToMakeTests2544dfd88ca15f\
2014/10/27 09:08:40 creating C:\Users\Andrea\Documents\projects\editor\test\php\dirToMakeTests2544dfd88ca15f\dirXYZ
2014/10/27 09:11:57 creating C:\Users\Andrea\Documents\projects\editor\test\php\dirToMakeTests544dfe4da8dc9\
2014/10/27 09:11:57 creating C:\Users\Andrea\Documents\projects\editor\test\php\dirToMakeTests544dfe4da8dc9\dirXYZ
2014/10/27 09:11:57 creating C:\Users\Andrea\Documents\projects\editor\test\php\dirToMakeTests544dfe4db6906\dirXYZ
2014/10/27 09:11:57 creating C:\Users\Andrea\Documents\projects\editor\test\php\dirToMakeTests2544dfe4dc643d\
2014/10/27 09:11:57 creating C:\Users\Andrea\Documents\projects\editor\test\php\dirToMakeTests2544dfe4dc643d\dirXYZ
2014/10/27 09:11:58 creating C:\Users\Andrea\Documents\projects\editor\test\php\dirToMakeTests2544dfe4de5cf9\
2014/10/27 09:11:58 creating C:\Users\Andrea\Documents\projects\editor\test\php\dirToMakeTests2544dfe4de5cf9\dirXYZ
