2014/10/27 15:32:42 key data is not found
2014/10/27 15:32:42 key filename is not found
2014/10/27 15:33:14 key data is not found
2014/10/27 15:33:14 key filename is not found
2014/10/27 15:44:28 key data is not found
2014/10/27 15:44:28 key filename is not found
2014/10/27 15:44:33 key data is not found
2014/10/27 15:44:33 key filename is not found
2014/10/27 15:45:08 key data is not found
2014/10/27 15:45:08 key filename is not found
2014/10/27 15:48:40 key data is not found
2014/10/27 15:48:40 key filename is not found
2014/10/27 15:48:53 key data is not found
2014/10/27 15:48:53 key filename is not found
2014/10/27 15:49:06 key data is not found
2014/10/27 15:49:06 key filename is not found
2014/10/27 15:50:24 key filename is not found
2014/10/27 15:50:36 key filename is not found
2014/10/27 15:50:40 key filename is not found
2014/10/27 15:51:01 key filename is not found
2014/10/27 16:03:31 key data is not found
2014/10/27 16:03:31 key filename is not found
2014/10/27 16:04:14 key data is not found
2014/10/27 16:04:14 key filename is not found
2014/10/27 16:04:46 key data is not found
2014/10/27 16:04:46 key filename is not found
2014/10/27 16:05:09 key filename is not found
2014/10/28 09:30:22 file name: C:\Users\Andrea\Documents\projects\editor\repository\nrgcbiohg3gdhopkc0532g98m5\eee
2014/10/28 09:31:35 file name: C:\Users\Andrea\Documents\projects\editor\repository\nrgcbiohg3gdhopkc0532g98m5\template2
2014/10/28 09:33:49 file name: sss
2014/10/28 09:33:49 file sss does not exist
2014/10/28 09:34:39 file name: nrgcbiohg3gdhopkc0532g98m5\www
2014/10/28 09:34:39 file nrgcbiohg3gdhopkc0532g98m5\www does not exist
2014/10/28 09:41:41 file name: C:\Users\Andrea\Documents\projects\editor\repository\nrgcbiohg3gdhopkc0532g98m5\wewe
